<?xml version="1.0" encoding="UTF-8"?>
<testng-results skipped="0" failed="1" ignored="9" total="11" passed="1">
  <reporter-output>
    <line>
      <![CDATA[@BeforeTest]]>
    </line>
    <line>
      <![CDATA[BeforeMethod]]>
    </line>
    <line>
      <![CDATA[BeforeMethod]]>
    </line>
  </reporter-output>
  <suite name="AmazonSanitySuite" duration-ms="37008" started-at="2021-12-06T15:29:33Z" finished-at="2021-12-06T15:30:10Z">
    <groups>
      <group name="sanityMethod1">
        <method signature="HomePageTestNG.testSanity()[pri:0, instance:testcases.HomePageTestNG@545997b1]" name="testSanity" class="testcases.HomePageTestNG"/>
        <method signature="HomePageTestNG.testSanity1()[pri:0, instance:testcases.HomePageTestNG@545997b1]" name="testSanity1" class="testcases.HomePageTestNG"/>
      </group> <!-- sanityMethod1 -->
    </groups>
    <test name="AmazonSanityTestCase" duration-ms="37008" started-at="2021-12-06T15:29:33Z" finished-at="2021-12-06T15:30:10Z">
      <class name="testcases.HomePageTestNG">
        <test-method status="PASS" signature="b4Test()[pri:0, instance:testcases.HomePageTestNG@545997b1]" name="b4Test" is-config="true" duration-ms="36" started-at="2021-12-06T20:59:33Z" finished-at="2021-12-06T20:59:33Z">
          <reporter-output>
            <line>
              <![CDATA[@BeforeTest]]>
            </line>
          </reporter-output>
        </test-method> <!-- b4Test -->
        <test-method status="PASS" signature="b4Method()[pri:0, instance:testcases.HomePageTestNG@545997b1]" name="b4Method" is-config="true" duration-ms="14072" started-at="2021-12-06T20:59:33Z" finished-at="2021-12-06T20:59:47Z">
          <reporter-output>
            <line>
              <![CDATA[BeforeMethod]]>
            </line>
          </reporter-output>
        </test-method> <!-- b4Method -->
        <test-method status="FAIL" signature="testSanity()[pri:0, instance:testcases.HomePageTestNG@545997b1]" name="testSanity" duration-ms="22" started-at="2021-12-06T20:59:47Z" finished-at="2021-12-06T20:59:47Z">
          <exception class="java.lang.AssertionError">
            <message>
              <![CDATA[expected [Title1] but found [Online Shopping site in India: Shop Online for Mobiles, Books, Watches, Shoes and More - Amazon.in]]]>
            </message>
            <full-stacktrace>
              <![CDATA[java.lang.AssertionError: expected [Title1] but found [Online Shopping site in India: Shop Online for Mobiles, Books, Watches, Shoes and More - Amazon.in]at org.testng.Assert.fail(Assert.java:96)at org.testng.Assert.failNotEquals(Assert.java:776)at org.testng.Assert.assertEqualsImpl(Assert.java:137)at org.testng.Assert.assertEquals(Assert.java:118)at org.testng.Assert.assertEquals(Assert.java:453)at org.testng.Assert.assertEquals(Assert.java:463)at testcases.HomePageTestNG.testSanity(HomePageTestNG.java:212)at sun.reflect.NativeMethodAccessorImpl.invoke0(Native Method)at sun.reflect.NativeMethodAccessorImpl.invoke(Unknown Source)at sun.reflect.DelegatingMethodAccessorImpl.invoke(Unknown Source)at java.lang.reflect.Method.invoke(Unknown Source)at org.testng.internal.MethodInvocationHelper.invokeMethod(MethodInvocationHelper.java:124)at org.testng.internal.Invoker.invokeMethod(Invoker.java:571)at org.testng.internal.Invoker.invokeTestMethod(Invoker.java:707)at org.testng.internal.Invoker.invokeTestMethods(Invoker.java:979)at org.testng.internal.TestMethodWorker.invokeTestMethods(TestMethodWorker.java:125)at org.testng.internal.TestMethodWorker.run(TestMethodWorker.java:109)at org.testng.TestRunner.privateRun(TestRunner.java:648)at org.testng.TestRunner.run(TestRunner.java:505)at org.testng.SuiteRunner.runTest(SuiteRunner.java:455)at org.testng.SuiteRunner.runSequentially(SuiteRunner.java:450)at org.testng.SuiteRunner.privateRun(SuiteRunner.java:415)at org.testng.SuiteRunner.run(SuiteRunner.java:364)at org.testng.SuiteRunnerWorker.runSuite(SuiteRunnerWorker.java:52)at org.testng.SuiteRunnerWorker.run(SuiteRunnerWorker.java:84)at org.testng.TestNG.runSuitesSequentially(TestNG.java:1187)at org.testng.TestNG.runSuitesLocally(TestNG.java:1116)at org.testng.TestNG.runSuites(TestNG.java:1028)at org.testng.TestNG.run(TestNG.java:996)at org.testng.remote.AbstractRemoteTestNG.run(AbstractRemoteTestNG.java:114)at org.testng.remote.RemoteTestNG.initAndRun(RemoteTestNG.java:251)at org.testng.remote.RemoteTestNG.main(RemoteTestNG.java:77)]]>
            </full-stacktrace>
          </exception> <!-- java.lang.AssertionError -->
          <reporter-output>
          </reporter-output>
        </test-method> <!-- testSanity -->
        <test-method status="PASS" signature="b4Method()[pri:0, instance:testcases.HomePageTestNG@545997b1]" name="b4Method" is-config="true" duration-ms="21114" started-at="2021-12-06T20:59:48Z" finished-at="2021-12-06T21:00:09Z">
          <reporter-output>
            <line>
              <![CDATA[BeforeMethod]]>
            </line>
          </reporter-output>
        </test-method> <!-- b4Method -->
        <test-method status="PASS" signature="testSanity1()[pri:0, instance:testcases.HomePageTestNG@545997b1]" name="testSanity1" duration-ms="534" started-at="2021-12-06T21:00:09Z" finished-at="2021-12-06T21:00:10Z">
          <reporter-output>
          </reporter-output>
        </test-method> <!-- testSanity1 -->
      </class> <!-- testcases.HomePageTestNG -->
    </test> <!-- AmazonSanityTestCase -->
  </suite> <!-- AmazonSanitySuite -->
</testng-results>
